Not searching for unused variables given on the command line.
-- The C compiler identification is GNU 15.2.1
-- The CXX compiler identification is GNU 15.2.1
-- Detecting C compiler ABI info
-- Detecting C compiler ABI info - done
-- Check for working C compiler: /usr/bin/cc - skipped
-- Detecting C compile features
-- Detecting C compile features - done
-- Detecting CXX compiler ABI info
-- Detecting CXX compiler ABI info - done
-- Check for working CXX compiler: /usr/bin/c++ - skipped
-- Detecting CXX compile features
-- Detecting CXX compile features - done
CMake Error at /home/kevin/workspace/MavlinkRelay/build/catkin_tools_prebuild/CMakeLists.txt:12 (message):
  The catkin CMake module was not found, but it is required to build a linked
  workspace.  To resolve this, please do one of the following, and try
  building again.



   1. Source the setup.sh file from an existing catkin workspace:
      source SETUP_FILE



   2. Extend another catkin workspace's result (install or devel) space:
      catkin config --extend RESULT_SPACE



   3. Set `catkin_DIR` to the directory containing `catkin-config.cmake`:
      catkin config --cmake-args -Dcatkin_DIR=CATKIN_CMAKE_CONFIG_PATH



   4. Add the catkin source package to your workspace's source space:
      cd SOURCE_SPACE && git clone https://github.com/ros/catkin.git


-- Configuring incomplete, errors occurred!
